# Logfile created on 2025-03-21 00:21:49 +0700 by logger.rb/v1.6.6
  INFO ---------------------------------------------------------------------------
  INFO START 2025-03-21 00:21:49 +0700 cap production deploy
  INFO ---------------------------------------------------------------------------
 DEBUG [e1b4b722] Running [ -d $HOME/.rbenv/versions/3.2.6 ] as deploy@178.128.108.220
 DEBUG [e1b4b722] Command: [ -d $HOME/.rbenv/versions/3.2.6 ]
  INFO ---------------------------------------------------------------------------
  INFO START 2025-03-21 00:27:58 +0700 cap production deploy
  INFO ---------------------------------------------------------------------------
 DEBUG [4eb208cb] Running [ -d $HOME/.rbenv/versions/3.2.6 ] as deploy@178.128.108.220
 DEBUG [4eb208cb] Command: [ -d $HOME/.rbenv/versions/3.2.6 ]
  INFO ---------------------------------------------------------------------------
  INFO START 2025-03-21 00:29:56 +0700 cap production deploy
  INFO ---------------------------------------------------------------------------
 DEBUG [83aa5349] Running [ -d $HOME/.rbenv/versions/3.2.6 ] as deploy@178.128.108.220
 DEBUG [83aa5349] Command: [ -d $HOME/.rbenv/versions/3.2.6 ]
  INFO ---------------------------------------------------------------------------
  INFO START 2025-03-21 00:35:06 +0700 cap production deploy
  INFO ---------------------------------------------------------------------------
 DEBUG [a5ed05d6] Running [ -d $HOME/.rbenv/versions/3.2.7 ] as deploy@178.128.108.220
 DEBUG [a5ed05d6] Command: [ -d $HOME/.rbenv/versions/3.2.7 ]
  INFO ---------------------------------------------------------------------------
  INFO START 2025-03-21 00:36:33 +0700 cap production deploy
  INFO ---------------------------------------------------------------------------
 DEBUG [10d699d4] Running [ -d $HOME/.rbenv/versions/3.2.7 ] as deploy@178.128.108.220
 DEBUG [10d699d4] Command: [ -d $HOME/.rbenv/versions/3.2.7 ]
  INFO ---------------------------------------------------------------------------
  INFO START 2025-03-21 00:37:33 +0700 cap production deploy
  INFO ---------------------------------------------------------------------------
 DEBUG [27680adf] Running [ -d $HOME/.rbenv/versions/3.2.7 ] as deploy@178.128.108.220
 DEBUG [27680adf] Command: [ -d $HOME/.rbenv/versions/3.2.7 ]
